# JRE version: OpenJDK Runtime Environment (8.0_152-b01) (build 1.8.0_152-release-1024-b01)
# Java VM: OpenJDK 64-Bit Server VM (25.152-b01 mixed mode linux-amd64 compressed oops)
Heap:
 PSYoungGen      total 352256K, used 13357K [0x00000000e0000000, 0x00000000f8080000, 0x0000000100000000)
  eden space 310784K, 0% used [0x00000000e0000000,0x00000000e0000000,0x00000000f2f80000)
  from space 41472K, 32% used [0x00000000f2f80000,0x00000000f3c8b758,0x00000000f5800000)
  to   space 36352K, 0% used [0x00000000f5d00000,0x00000000f5d00000,0x00000000f8080000)
 ParOldGen       total 106496K, used 87834K [0x00000000a0000000, 0x00000000a6800000, 0x00000000e0000000)
  object space 106496K, 82% used [0x00000000a0000000,0x00000000a55c68f8,0x00000000a6800000)
 Metaspace       used 85084K, capacity 89226K, committed 89472K, reserved 1126400K
  class space    used 10917K, capacity 11808K, committed 11904K, reserved 1048576K
GC Heap History (10 events):
Event: 1901.356 GC heap after
Heap after GC invocations=23 (full 3):
 PSYoungGen      total 242176K, used 23039K [0x00000000e0000000, 0x00000000f2800000, 0x0000000100000000)
  eden space 219136K, 0% used [0x00000000e0000000,0x00000000e0000000,0x00000000ed600000)
  from space 23040K, 99% used [0x00000000ef800000,0x00000000f0e7fdb0,0x00000000f0e80000)
  to   space 34816K, 0% used [0x00000000ed600000,0x00000000ed600000,0x00000000ef800000)
 ParOldGen       total 106496K, used 66794K [0x00000000a0000000, 0x00000000a6800000, 0x00000000e0000000)
  object space 106496K, 62% used [0x00000000a0000000,0x00000000a413a868,0x00000000a6800000)
 Metaspace       used 80749K, capacity 84218K, committed 84480K, reserved 1122304K
  class space    used 10421K, capacity 11192K, committed 11264K, reserved 1048576K
}
Event: 1912.804 GC heap before
{Heap before GC invocations=24 (full 3):
 PSYoungGen      total 242176K, used 242111K [0x00000000e0000000, 0x00000000f2800000, 0x0000000100000000)
  eden space 219136K, 99% used [0x00000000e0000000,0x00000000ed5f0010,0x00000000ed600000)
  from space 23040K, 99% used [0x00000000ef800000,0x00000000f0e7fdb0,0x00000000f0e80000)
  to   space 34816K, 0% used [0x00000000ed600000,0x00000000ed600000,0x00000000ef800000)
 ParOldGen       total 106496K, used 66794K [0x00000000a0000000, 0x00000000a6800000, 0x00000000e0000000)
  object space 106496K, 62% used [0x00000000a0000000,0x00000000a413a868,0x00000000a6800000)
 Metaspace       used 82573K, capacity 86402K, committed 86528K, reserved 1124352K
  class space    used 10671K, capacity 11516K, committed 11520K, reserved 1048576K
Event: 1912.989 GC heap after
Heap after GC invocations=24 (full 3):
 PSYoungGen      total 253952K, used 28219K [0x00000000e0000000, 0x00000000f3a00000, 0x0000000100000000)
  eden space 219136K, 0% used [0x00000000e0000000,0x00000000e0000000,0x00000000ed600000)
  from space 34816K, 81% used [0x00000000ed600000,0x00000000ef18efc0,0x00000000ef800000)
  to   space 37888K, 0% used [0x00000000f1500000,0x00000000f1500000,0x00000000f3a00000)
 ParOldGen       total 106496K, used 66794K [0x00000000a0000000, 0x00000000a6800000, 0x00000000e0000000)
  object space 106496K, 62% used [0x00000000a0000000,0x00000000a413a868,0x00000000a6800000)
 Metaspace       used 82573K, capacity 86402K, committed 86528K, reserved 1124352K
  class space    used 10671K, capacity 11516K, committed 11520K, reserved 1048576K
}
Event: 1913.301 GC heap before
{Heap before GC invocations=25 (full 3):
 PSYoungGen      total 253952K, used 247293K [0x00000000e0000000, 0x00000000f3a00000, 0x0000000100000000)
  eden space 219136K, 99% used [0x00000000e0000000,0x00000000ed5f0710,0x00000000ed600000)
  from space 34816K, 81% used [0x00000000ed600000,0x00000000ef18efc0,0x00000000ef800000)
  to   space 37888K, 0% used [0x00000000f1500000,0x00000000f1500000,0x00000000f3a00000)
 ParOldGen       total 106496K, used 66794K [0x00000000a0000000, 0x00000000a6800000, 0x00000000e0000000)
  object space 106496K, 62% used [0x00000000a0000000,0x00000000a413a868,0x00000000a6800000)
 Metaspace       used 82581K, capacity 86402K, committed 86528K, reserved 1124352K
  class space    used 10671K, capacity 11516K, committed 11520K, reserved 1048576K
Event: 1913.493 GC heap after
Heap after GC invocations=25 (full 3):
 PSYoungGen      total 282624K, used 24430K [0x00000000e0000000, 0x00000000f6580000, 0x0000000100000000)
  eden space 244736K, 0% used [0x00000000e0000000,0x00000000e0000000,0x00000000eef00000)
  from space 37888K, 64% used [0x00000000f1500000,0x00000000f2cdb840,0x00000000f3a00000)
  to   space 38912K, 0% used [0x00000000eef00000,0x00000000eef00000,0x00000000f1500000)
 ParOldGen       total 106496K, used 66802K [0x00000000a0000000, 0x00000000a6800000, 0x00000000e0000000)
  object space 106496K, 62% used [0x00000000a0000000,0x00000000a413c868,0x00000000a6800000)
 Metaspace       used 82581K, capacity 86402K, committed 86528K, reserved 1124352K
  class space    used 10671K, capacity 11516K, committed 11520K, reserved 1048576K
}
Event: 2956.868 GC heap before
{Heap before GC invocations=26 (full 3):
 PSYoungGen      total 282624K, used 269166K [0x00000000e0000000, 0x00000000f6580000, 0x0000000100000000)
  eden space 244736K, 100% used [0x00000000e0000000,0x00000000eef00000,0x00000000eef00000)
  from space 37888K, 64% used [0x00000000f1500000,0x00000000f2cdb840,0x00000000f3a00000)
  to   space 38912K, 0% used [0x00000000eef00000,0x00000000eef00000,0x00000000f1500000)
 ParOldGen       total 106496K, used 66802K [0x00000000a0000000, 0x00000000a6800000, 0x00000000e0000000)
  object space 106496K, 62% used [0x00000000a0000000,0x00000000a413c868,0x00000000a6800000)
 Metaspace       used 83862K, capacity 87900K, committed 88064K, reserved 1126400K
  class space    used 10819K, capacity 11677K, committed 11776K, reserved 1048576K
Event: 2957.192 GC heap after
Heap after GC invocations=26 (full 3):
 PSYoungGen      total 283648K, used 26146K [0x00000000e0000000, 0x00000000f8480000, 0x0000000100000000)
  eden space 244736K, 0% used [0x00000000e0000000,0x00000000e0000000,0x00000000eef00000)
  from space 38912K, 67% used [0x00000000eef00000,0x00000000f0888868,0x00000000f1500000)
  to   space 40448K, 0% used [0x00000000f5d00000,0x00000000f5d00000,0x00000000f8480000)
 ParOldGen       total 106496K, used 67810K [0x00000000a0000000, 0x00000000a6800000, 0x00000000e0000000)
  object space 106496K, 63% used [0x00000000a0000000,0x00000000a42388c8,0x00000000a6800000)
 Metaspace       used 83862K, capacity 87900K, committed 88064K, reserved 1126400K
  class space    used 10819K, capacity 11677K, committed 11776K, reserved 1048576K
}
Event: 6957.215 GC heap before
{Heap before GC invocations=27 (full 3):
 PSYoungGen      total 283648K, used 270882K [0x00000000e0000000, 0x00000000f8480000, 0x0000000100000000)
  eden space 244736K, 100% used [0x00000000e0000000,0x00000000eef00000,0x00000000eef00000)
  from space 38912K, 67% used [0x00000000eef00000,0x00000000f0888868,0x00000000f1500000)
  to   space 40448K, 0% used [0x00000000f5d00000,0x00000000f5d00000,0x00000000f8480000)
 ParOldGen       total 106496K, used 67810K [0x00000000a0000000, 0x00000000a6800000, 0x00000000e0000000)
  object space 106496K, 63% used [0x00000000a0000000,0x00000000a42388c8,0x00000000a6800000)
 Metaspace       used 84467K, capacity 88562K, committed 88832K, reserved 1126400K
  class space    used 10861K, capacity 11728K, committed 11776K, reserved 1048576K
Event: 6957.631 GC heap after
Heap after GC invocations=27 (full 3):
 PSYoungGen      total 347136K, used 25296K [0x00000000e0000000, 0x00000000f8080000, 0x0000000100000000)
  eden space 310784K, 0% used [0x00000000e0000000,0x00000000e0000000,0x00000000f2f80000)
  from space 36352K, 69% used [0x00000000f5d00000,0x00000000f75b42f0,0x00000000f8080000)
  to   space 41472K, 0% used [0x00000000f2f80000,0x00000000f2f80000,0x00000000f5800000)
 ParOldGen       total 106496K, used 70416K [0x00000000a0000000, 0x00000000a6800000, 0x00000000e0000000)
  object space 106496K, 66% used [0x00000000a0000000,0x00000000a44c41c8,0x00000000a6800000)
 Metaspace       used 84467K, capacity 88562K, committed 88832K, reserved 1126400K
  class space    used 10861K, capacity 11728K, committed 11776K, reserved 1048576K
}
Event: 6964.242 GC heap before
{Heap before GC invocations=28 (full 3):
 PSYoungGen      total 347136K, used 335328K [0x00000000e0000000, 0x00000000f8080000, 0x0000000100000000)
  eden space 310784K, 99% used [0x00000000e0000000,0x00000000f2ec4040,0x00000000f2f80000)
  from space 36352K, 69% used [0x00000000f5d00000,0x00000000f75b42f0,0x00000000f8080000)
  to   space 41472K, 0% used [0x00000000f2f80000,0x00000000f2f80000,0x00000000f5800000)
 ParOldGen       total 106496K, used 70416K [0x00000000a0000000, 0x00000000a6800000, 0x00000000e0000000)
  object space 106496K, 66% used [0x00000000a0000000,0x00000000a44c41c8,0x00000000a6800000)
 Metaspace       used 85084K, capacity 89226K, committed 89472K, reserved 1126400K
  class space    used 10917K, capacity 11808K, committed 11904K, reserved 1048576K

